
> @inkline/inkline@4.7.1 storybook:build
> storybook build --output-dir /var/folders/0h/cwx3gp09517_5fggzl70_hn00000gn/T/chromatic--25326-MeKznF1DUBQ7

@storybook/cli v8.0.0

info => Cleaning outputDir: ../../../../../var/folders/0h/cwx3gp09517_5fggzl70_hn00000gn/T/chromatic--25326-MeKznF1DUBQ7
info => Loading presets
info => Building manager..
info => Manager built (116 ms)
info => Building preview..
info => Copying static files: public at ../../../../../var/folders/0h/cwx3gp09517_5fggzl70_hn00000gn/T/chromatic--25326-MeKznF1DUBQ7
vite v5.1.6 building for production...
transforming...
✓ 1782 modules transformed.
rendering chunks...
computing gzip size...
../../../../../var/folders/0h/cwx3gp09517_5fggzl70_hn00000gn/T/chromatic--25326-MeKznF1DUBQ7/assets/placeholder-100x100-DJsGoSEy.jpg         12.38 kB
../../../../../var/folders/0h/cwx3gp09517_5fggzl70_hn00000gn/T/chromatic--25326-MeKznF1DUBQ7/iframe.html                                     12.98 kB │ gzip:   3.62 kB
../../../../../var/folders/0h/cwx3gp09517_5fggzl70_hn00000gn/T/chromatic--25326-MeKznF1DUBQ7/assets/placeholder-500x250-CP1fEJ_l.jpg         49.06 kB
../../../../../var/folders/0h/cwx3gp09517_5fggzl70_hn00000gn/T/chromatic--25326-MeKznF1DUBQ7/assets/placeholder-400x400-BHs_iDkQ.jpg         66.07 kB
../../../../../var/folders/0h/cwx3gp09517_5fggzl70_hn00000gn/T/chromatic--25326-MeKznF1DUBQ7/assets/placeholder-1000x400-BNdSLs6w.jpg       124.81 kB
../../../../../var/folders/0h/cwx3gp09517_5fggzl70_hn00000gn/T/chromatic--25326-MeKznF1DUBQ7/assets/preview-DlXzLktX.css                    927.15 kB │ gzip:  88.18 kB
../../../../../var/folders/0h/cwx3gp09517_5fggzl70_hn00000gn/T/chromatic--25326-MeKznF1DUBQ7/assets/preview-DF-d5FoE.js                       0.05 kB │ gzip:   0.07 kB
../../../../../var/folders/0h/cwx3gp09517_5fggzl70_hn00000gn/T/chromatic--25326-MeKznF1DUBQ7/assets/preview-B4GcaC1c.js                       0.07 kB │ gzip:   0.08 kB
../../../../../var/folders/0h/cwx3gp09517_5fggzl70_hn00000gn/T/chromatic--25326-MeKznF1DUBQ7/assets/useToast-WRview30.js                      0.08 kB │ gzip:   0.10 kB
../../../../../var/folders/0h/cwx3gp09517_5fggzl70_hn00000gn/T/chromatic--25326-MeKznF1DUBQ7/assets/_plugin-vue_export-helper-DlAUqK2U.js     0.09 kB │ gzip:   0.10 kB
../../../../../var/folders/0h/cwx3gp09517_5fggzl70_hn00000gn/T/chromatic--25326-MeKznF1DUBQ7/assets/createExampleStory-CmZrD3Qi.js            0.10 kB │ gzip:   0.11 kB
../../../../../var/folders/0h/cwx3gp09517_5fggzl70_hn00000gn/T/chromatic--25326-MeKznF1DUBQ7/assets/breakpoints-Ck3Nmxuy.js                   0.15 kB │ gzip:   0.14 kB
../../../../../var/folders/0h/cwx3gp09517_5fggzl70_hn00000gn/T/chromatic--25326-MeKznF1DUBQ7/assets/createStory-kCJNeKnB.js                   0.17 kB │ gzip:   0.17 kB
../../../../../var/folders/0h/cwx3gp09517_5fggzl70_hn00000gn/T/chromatic--25326-MeKznF1DUBQ7/assets/breakpointClassName-bL9dWpIL.js           0.18 kB │ gzip:   0.16 kB
../../../../../var/folders/0h/cwx3gp09517_5fggzl70_hn00000gn/T/chromatic--25326-MeKznF1DUBQ7/assets/mapValues-axQavFI8.js                     0.24 kB │ gzip:   0.20 kB
../../../../../var/folders/0h/cwx3gp09517_5fggzl70_hn00000gn/T/chromatic--25326-MeKznF1DUBQ7/assets/isKey-CFsK2Wkc.js                         0.29 kB │ gzip:   0.23 kB
../../../../../var/folders/0h/cwx3gp09517_5fggzl70_hn00000gn/T/chromatic--25326-MeKznF1DUBQ7/assets/createSchema-CcbBUBHR.js                  0.34 kB │ gzip:   0.24 kB
../../../../../var/folders/0h/cwx3gp09517_5fggzl70_hn00000gn/T/chromatic--25326-MeKznF1DUBQ7/assets/on-DMeII6sA.js                            0.39 kB │ gzip:   0.20 kB
../../../../../var/folders/0h/cwx3gp09517_5fggzl70_hn00000gn/T/chromatic--25326-MeKznF1DUBQ7/assets/index-CMUnyh9o.js                         0.46 kB │ gzip:   0.30 kB
../../../../../var/folders/0h/cwx3gp09517_5fggzl70_hn00000gn/T/chromatic--25326-MeKznF1DUBQ7/assets/argTypes-DcvBA_2l.js                      0.47 kB │ gzip:   0.28 kB
../../../../../var/folders/0h/cwx3gp09517_5fggzl70_hn00000gn/T/chromatic--25326-MeKznF1DUBQ7/assets/WithTooltip-Y7J54OF7-TQNCOcqf.js          0.49 kB │ gzip:   0.30 kB
../../../../../var/folders/0h/cwx3gp09517_5fggzl70_hn00000gn/T/chromatic--25326-MeKznF1DUBQ7/assets/useClickOutside-D8krUzl8.js               0.51 kB │ gzip:   0.31 kB
../../../../../var/folders/0h/cwx3gp09517_5fggzl70_hn00000gn/T/chromatic--25326-MeKznF1DUBQ7/assets/syntaxhighlighter-JOJW2KGS-DFwCqcus.js    0.53 kB │ gzip:   0.34 kB
../../../../../var/folders/0h/cwx3gp09517_5fggzl70_hn00000gn/T/chromatic--25326-MeKznF1DUBQ7/assets/useForm-D-Dw0bBT.js                       0.54 kB │ gzip:   0.36 kB
../../../../../var/folders/0h/cwx3gp09517_5fggzl70_hn00000gn/T/chromatic--25326-MeKznF1DUBQ7/assets/IRenderResolver-Ne-dGvrc.js               0.58 kB │ gzip:   0.33 kB
../../../../../var/folders/0h/cwx3gp09517_5fggzl70_hn00000gn/T/chromatic--25326-MeKznF1DUBQ7/assets/toNumber-DxteAoB1.js                      0.58 kB │ gzip:   0.39 kB
../../../../../var/folders/0h/cwx3gp09517_5fggzl70_hn00000gn/T/chromatic--25326-MeKznF1DUBQ7/assets/preview-DtCEjBni.js                       0.64 kB │ gzip:   0.45 kB
../../../../../var/folders/0h/cwx3gp09517_5fggzl70_hn00000gn/T/chromatic--25326-MeKznF1DUBQ7/assets/_commonjsHelpers-BosuxZz1.js              0.69 kB │ gzip:   0.38 kB
../../../../../var/folders/0h/cwx3gp09517_5fggzl70_hn00000gn/T/chromatic--25326-MeKznF1DUBQ7/assets/IMedia-DXeOg5us.js                        0.70 kB │ gzip:   0.44 kB
../../../../../var/folders/0h/cwx3gp09517_5fggzl70_hn00000gn/T/chromatic--25326-MeKznF1DUBQ7/assets/index-DrFu-skq.js                         0.77 kB │ gzip:   0.47 kB
../../../../../var/folders/0h/cwx3gp09517_5fggzl70_hn00000gn/T/chromatic--25326-MeKznF1DUBQ7/assets/preview-Cv3rAi2i.js                       0.86 kB │ gzip:   0.55 kB
../../../../../var/folders/0h/cwx3gp09517_5fggzl70_hn00000gn/T/chromatic--25326-MeKznF1DUBQ7/assets/index.stories-D9fKVZ0M.js                 0.86 kB │ gzip:   0.55 kB
../../../../../var/folders/0h/cwx3gp09517_5fggzl70_hn00000gn/T/chromatic--25326-MeKznF1DUBQ7/assets/index.stories-CTj5P-sz.js                 0.96 kB │ gzip:   0.53 kB
../../../../../var/folders/0h/cwx3gp09517_5fggzl70_hn00000gn/T/chromatic--25326-MeKznF1DUBQ7/assets/index.stories-Chllt3nU.js                 0.97 kB │ gzip:   0.57 kB
../../../../../var/folders/0h/cwx3gp09517_5fggzl70_hn00000gn/T/chromatic--25326-MeKznF1DUBQ7/assets/ILayout-DIGOwRzX.js                       0.99 kB │ gzip:   0.56 kB
../../../../../var/folders/0h/cwx3gp09517_5fggzl70_hn00000gn/T/chromatic--25326-MeKznF1DUBQ7/assets/IContainer-BF4VaKl8.js                    1.01 kB │ gzip:   0.57 kB
../../../../../var/folders/0h/cwx3gp09517_5fggzl70_hn00000gn/T/chromatic--25326-MeKznF1DUBQ7/assets/preview-BfZGQiGY.js                       1.04 kB │ gzip:   0.65 kB
../../../../../var/folders/0h/cwx3gp09517_5fggzl70_hn00000gn/T/chromatic--25326-MeKznF1DUBQ7/assets/useCollapsible-KgX5lAL8.js                1.09 kB │ gzip:   0.49 kB
../../../../../var/folders/0h/cwx3gp09517_5fggzl70_hn00000gn/T/chromatic--25326-MeKznF1DUBQ7/assets/preview-B4VEP0q-.js                       1.11 kB │ gzip:   0.71 kB
../../../../../var/folders/0h/cwx3gp09517_5fggzl70_hn00000gn/T/chromatic--25326-MeKznF1DUBQ7/assets/index.stories-BFs_1S_f.js                 1.30 kB │ gzip:   0.67 kB
../../../../../var/folders/0h/cwx3gp09517_5fggzl70_hn00000gn/T/chromatic--25326-MeKznF1DUBQ7/assets/index.stories-D27QT5TK.js                 1.51 kB │ gzip:   0.64 kB
../../../../../var/folders/0h/cwx3gp09517_5fggzl70_hn00000gn/T/chromatic--25326-MeKznF1DUBQ7/assets/IBadge-CAoU2OWT.js                        1.57 kB │ gzip:   0.76 kB
../../../../../var/folders/0h/cwx3gp09517_5fggzl70_hn00000gn/T/chromatic--25326-MeKznF1DUBQ7/assets/index.stories-VY9iPGCG.js                 1.62 kB │ gzip:   0.67 kB
../../../../../var/folders/0h/cwx3gp09517_5fggzl70_hn00000gn/T/chromatic--25326-MeKznF1DUBQ7/assets/index.stories-BlVkEY8k.js                 1.67 kB │ gzip:   0.82 kB
../../../../../var/folders/0h/cwx3gp09517_5fggzl70_hn00000gn/T/chromatic--25326-MeKznF1DUBQ7/assets/ITextarea-Cvg2UYfb.js                     1.68 kB │ gzip:   0.80 kB
../../../../../var/folders/0h/cwx3gp09517_5fggzl70_hn00000gn/T/chromatic--25326-MeKznF1DUBQ7/assets/IListGroup-jHZM1GCb.js                    1.85 kB │ gzip:   0.80 kB
../../../../../var/folders/0h/cwx3gp09517_5fggzl70_hn00000gn/T/chromatic--25326-MeKznF1DUBQ7/assets/IBreadcrumb-C4gSseF-.js                   1.95 kB │ gzip:   0.82 kB
../../../../../var/folders/0h/cwx3gp09517_5fggzl70_hn00000gn/T/chromatic--25326-MeKznF1DUBQ7/assets/INav-BlGoo9tw.js                          1.97 kB │ gzip:   0.89 kB
../../../../../var/folders/0h/cwx3gp09517_5fggzl70_hn00000gn/T/chromatic--25326-MeKznF1DUBQ7/assets/index.stories-kOli-Afl.js                 1.98 kB │ gzip:   0.77 kB
../../../../../var/folders/0h/cwx3gp09517_5fggzl70_hn00000gn/T/chromatic--25326-MeKznF1DUBQ7/assets/index.stories-CsFQVEw2.js                 2.20 kB │ gzip:   0.65 kB
../../../../../var/folders/0h/cwx3gp09517_5fggzl70_hn00000gn/T/chromatic--25326-MeKznF1DUBQ7/assets/IProgress-DdcRJFfG.js                     2.22 kB │ gzip:   0.87 kB
../../../../../var/folders/0h/cwx3gp09517_5fggzl70_hn00000gn/T/chromatic--25326-MeKznF1DUBQ7/assets/_basePickBy-CmNdy_Pe.js                   2.25 kB │ gzip:   1.15 kB
../../../../../var/folders/0h/cwx3gp09517_5fggzl70_hn00000gn/T/chromatic--25326-MeKznF1DUBQ7/assets/IFormLabel-DKdAI8R0.js                    2.33 kB │ gzip:   1.03 kB
../../../../../var/folders/0h/cwx3gp09517_5fggzl70_hn00000gn/T/chromatic--25326-MeKznF1DUBQ7/assets/ICard-BXBTwbQr.js                         2.34 kB │ gzip:   0.98 kB
../../../../../var/folders/0h/cwx3gp09517_5fggzl70_hn00000gn/T/chromatic--25326-MeKznF1DUBQ7/assets/entry-preview-B4yRDCCG.js                 2.40 kB │ gzip:   1.27 kB
../../../../../var/folders/0h/cwx3gp09517_5fggzl70_hn00000gn/T/chromatic--25326-MeKznF1DUBQ7/assets/IHamburgerMenu-BTxe55DP.js                2.52 kB │ gzip:   0.99 kB
../../../../../var/folders/0h/cwx3gp09517_5fggzl70_hn00000gn/T/chromatic--25326-MeKznF1DUBQ7/assets/ICheckableButtonGroup-Cd3n8_rM.js         2.54 kB │ gzip:   0.95 kB
../../../../../var/folders/0h/cwx3gp09517_5fggzl70_hn00000gn/T/chromatic--25326-MeKznF1DUBQ7/assets/index.stories-CkLtIHZo.js                 2.71 kB │ gzip:   0.87 kB
../../../../../var/folders/0h/cwx3gp09517_5fggzl70_hn00000gn/T/chromatic--25326-MeKznF1DUBQ7/assets/ICollapsible-Cysnn-nx.js                  2.75 kB │ gzip:   1.12 kB
../../../../../var/folders/0h/cwx3gp09517_5fggzl70_hn00000gn/T/chromatic--25326-MeKznF1DUBQ7/assets/index-BlN7QbS8.js                         2.76 kB │ gzip:   1.36 kB
../../../../../var/folders/0h/cwx3gp09517_5fggzl70_hn00000gn/T/chromatic--25326-MeKznF1DUBQ7/assets/IButtonGroup-DmXP_P6Y.js                  2.82 kB │ gzip:   0.99 kB
../../../../../var/folders/0h/cwx3gp09517_5fggzl70_hn00000gn/T/chromatic--25326-MeKznF1DUBQ7/assets/_createAssigner-BzNoy9ka.js               2.84 kB │ gzip:   1.44 kB
../../../../../var/folders/0h/cwx3gp09517_5fggzl70_hn00000gn/T/chromatic--25326-MeKznF1DUBQ7/assets/IHeader-Cne2doDi.js                       2.98 kB │ gzip:   1.08 kB
../../../../../var/folders/0h/cwx3gp09517_5fggzl70_hn00000gn/T/chromatic--25326-MeKznF1DUBQ7/assets/preview-CwqMn10d.js                       3.19 kB │ gzip:   1.37 kB
../../../../../var/folders/0h/cwx3gp09517_5fggzl70_hn00000gn/T/chromatic--25326-MeKznF1DUBQ7/assets/index.stories-73g_RxaU.js                 3.23 kB │ gzip:   1.10 kB
../../../../../var/folders/0h/cwx3gp09517_5fggzl70_hn00000gn/T/chromatic--25326-MeKznF1DUBQ7/assets/index.stories-CwWhLRCX.js                 3.27 kB │ gzip:   1.07 kB
../../../../../var/folders/0h/cwx3gp09517_5fggzl70_hn00000gn/T/chromatic--25326-MeKznF1DUBQ7/assets/ITable-B1KVApFg.js                        3.35 kB │ gzip:   1.07 kB
../../../../../var/folders/0h/cwx3gp09517_5fggzl70_hn00000gn/T/chromatic--25326-MeKznF1DUBQ7/assets/index.stories-CeqBUF6h.js                 3.43 kB │ gzip:   1.07 kB
../../../../../var/folders/0h/cwx3gp09517_5fggzl70_hn00000gn/T/chromatic--25326-MeKznF1DUBQ7/assets/preview-DbT1mggi.js                       3.52 kB │ gzip:   1.71 kB
../../../../../var/folders/0h/cwx3gp09517_5fggzl70_hn00000gn/T/chromatic--25326-MeKznF1DUBQ7/assets/IAlert-CihIV4Nu.js                        3.67 kB │ gzip:   1.38 kB
../../../../../var/folders/0h/cwx3gp09517_5fggzl70_hn00000gn/T/chromatic--25326-MeKznF1DUBQ7/assets/index.stories-Iur4V5aW.js                 3.83 kB │ gzip:   1.12 kB
../../../../../var/folders/0h/cwx3gp09517_5fggzl70_hn00000gn/T/chromatic--25326-MeKznF1DUBQ7/assets/index.stories-s15Pkjym.js                 4.36 kB │ gzip:   1.09 kB
../../../../../var/folders/0h/cwx3gp09517_5fggzl70_hn00000gn/T/chromatic--25326-MeKznF1DUBQ7/assets/ITabs-BI5oYdRA.js                         4.45 kB │ gzip:   1.70 kB
../../../../../var/folders/0h/cwx3gp09517_5fggzl70_hn00000gn/T/chromatic--25326-MeKznF1DUBQ7/assets/index.stories-K2DyQjjD.js                 4.57 kB │ gzip:   1.22 kB
../../../../../var/folders/0h/cwx3gp09517_5fggzl70_hn00000gn/T/chromatic--25326-MeKznF1DUBQ7/assets/index.stories-BymZT13n.js                 4.79 kB │ gzip:   1.12 kB
../../../../../var/folders/0h/cwx3gp09517_5fggzl70_hn00000gn/T/chromatic--25326-MeKznF1DUBQ7/assets/INavbar-Bl4fWnsw.js                       4.81 kB │ gzip:   1.57 kB
../../../../../var/folders/0h/cwx3gp09517_5fggzl70_hn00000gn/T/chromatic--25326-MeKznF1DUBQ7/assets/index.stories-hNhIzUmb.js                 4.83 kB │ gzip:   1.22 kB
../../../../../var/folders/0h/cwx3gp09517_5fggzl70_hn00000gn/T/chromatic--25326-MeKznF1DUBQ7/assets/index.stories-tb7cxp6f.js                 4.91 kB │ gzip:   1.34 kB
../../../../../var/folders/0h/cwx3gp09517_5fggzl70_hn00000gn/T/chromatic--25326-MeKznF1DUBQ7/assets/cloneDeep-DtNZ0VHy.js                     5.10 kB │ gzip:   2.30 kB
../../../../../var/folders/0h/cwx3gp09517_5fggzl70_hn00000gn/T/chromatic--25326-MeKznF1DUBQ7/assets/index.stories-DTEan2Iq.js                 5.41 kB │ gzip:   1.27 kB
../../../../../var/folders/0h/cwx3gp09517_5fggzl70_hn00000gn/T/chromatic--25326-MeKznF1DUBQ7/assets/micromustache-BTV9YSIf.js                 5.41 kB │ gzip:   2.06 kB
../../../../../var/folders/0h/cwx3gp09517_5fggzl70_hn00000gn/T/chromatic--25326-MeKznF1DUBQ7/assets/ISidebar-A7oe7vdH.js                      5.54 kB │ gzip:   1.72 kB
../../../../../var/folders/0h/cwx3gp09517_5fggzl70_hn00000gn/T/chromatic--25326-MeKznF1DUBQ7/assets/index.stories-H-Ll-PIp.js                 5.63 kB │ gzip:   1.65 kB
../../../../../var/folders/0h/cwx3gp09517_5fggzl70_hn00000gn/T/chromatic--25326-MeKznF1DUBQ7/assets/index.stories-h5m8iwaY.js                 5.66 kB │ gzip:   1.47 kB
../../../../../var/folders/0h/cwx3gp09517_5fggzl70_hn00000gn/T/chromatic--25326-MeKznF1DUBQ7/assets/index.stories-xeQ8qT8D.js                 5.78 kB │ gzip:   1.35 kB
../../../../../var/folders/0h/cwx3gp09517_5fggzl70_hn00000gn/T/chromatic--25326-MeKznF1DUBQ7/assets/index.stories-Dg0_Ypxe.js                 5.82 kB │ gzip:   1.32 kB
../../../../../var/folders/0h/cwx3gp09517_5fggzl70_hn00000gn/T/chromatic--25326-MeKznF1DUBQ7/assets/index.stories-ZySGAoLO.js                 5.85 kB │ gzip:   2.11 kB
../../../../../var/folders/0h/cwx3gp09517_5fggzl70_hn00000gn/T/chromatic--25326-MeKznF1DUBQ7/assets/index.stories-BYiuI0tT.js                 6.01 kB │ gzip:   1.32 kB
../../../../../var/folders/0h/cwx3gp09517_5fggzl70_hn00000gn/T/chromatic--25326-MeKznF1DUBQ7/assets/index.stories-CWjtsm4n.js                 6.30 kB │ gzip:   1.32 kB
../../../../../var/folders/0h/cwx3gp09517_5fggzl70_hn00000gn/T/chromatic--25326-MeKznF1DUBQ7/assets/index.stories-BiO4PT2R.js                 6.42 kB │ gzip:   1.71 kB
../../../../../var/folders/0h/cwx3gp09517_5fggzl70_hn00000gn/T/chromatic--25326-MeKznF1DUBQ7/assets/index.stories-CA_3wxj-.js                 6.42 kB │ gzip:   1.63 kB
../../../../../var/folders/0h/cwx3gp09517_5fggzl70_hn00000gn/T/chromatic--25326-MeKznF1DUBQ7/assets/index.stories-DlL-8kZ8.js                 6.46 kB │ gzip:   1.69 kB
../../../../../var/folders/0h/cwx3gp09517_5fggzl70_hn00000gn/T/chromatic--25326-MeKznF1DUBQ7/assets/index.stories-82sUAc6t.js                 6.46 kB │ gzip:   1.49 kB
../../../../../var/folders/0h/cwx3gp09517_5fggzl70_hn00000gn/T/chromatic--25326-MeKznF1DUBQ7/assets/index.stories-BMADURHj.js                 6.53 kB │ gzip:   1.37 kB
../../../../../var/folders/0h/cwx3gp09517_5fggzl70_hn00000gn/T/chromatic--25326-MeKznF1DUBQ7/assets/IRadioGroup-DQrZNmfH.js                   6.74 kB │ gzip:   2.01 kB
../../../../../var/folders/0h/cwx3gp09517_5fggzl70_hn00000gn/T/chromatic--25326-MeKznF1DUBQ7/assets/IToggle-Bj-P9Z_z.js                       6.75 kB │ gzip:   2.00 kB
../../../../../var/folders/0h/cwx3gp09517_5fggzl70_hn00000gn/T/chromatic--25326-MeKznF1DUBQ7/assets/ITooltip-DuLEZlnx.js                      6.95 kB │ gzip:   2.12 kB
../../../../../var/folders/0h/cwx3gp09517_5fggzl70_hn00000gn/T/chromatic--25326-MeKznF1DUBQ7/assets/ICheckboxGroup-CoEhibRv.js                7.02 kB │ gzip:   2.10 kB
../../../../../var/folders/0h/cwx3gp09517_5fggzl70_hn00000gn/T/chromatic--25326-MeKznF1DUBQ7/assets/IRadioButtons-Ccfy_XJX.js                 7.08 kB │ gzip:   2.19 kB
../../../../../var/folders/0h/cwx3gp09517_5fggzl70_hn00000gn/T/chromatic--25326-MeKznF1DUBQ7/assets/index.stories-NbtFWrps.js                 7.17 kB │ gzip:   1.31 kB
../../../../../var/folders/0h/cwx3gp09517_5fggzl70_hn00000gn/T/chromatic--25326-MeKznF1DUBQ7/assets/index.stories-D04lpqbR.js                 7.25 kB │ gzip:   1.50 kB
../../../../../var/folders/0h/cwx3gp09517_5fggzl70_hn00000gn/T/chromatic--25326-MeKznF1DUBQ7/assets/index.stories-Dm90UGVT.js                 7.34 kB │ gzip:   1.58 kB
../../../../../var/folders/0h/cwx3gp09517_5fggzl70_hn00000gn/T/chromatic--25326-MeKznF1DUBQ7/assets/IPagination-BOSkdCc0.js                   7.34 kB │ gzip:   2.36 kB
../../../../../var/folders/0h/cwx3gp09517_5fggzl70_hn00000gn/T/chromatic--25326-MeKznF1DUBQ7/assets/IRadio-CCTv3mbn.js                        7.35 kB │ gzip:   2.25 kB
../../../../../var/folders/0h/cwx3gp09517_5fggzl70_hn00000gn/T/chromatic--25326-MeKznF1DUBQ7/assets/IPopover-9EXaMpKb.js                      7.35 kB │ gzip:   2.21 kB
../../../../../var/folders/0h/cwx3gp09517_5fggzl70_hn00000gn/T/chromatic--25326-MeKznF1DUBQ7/assets/ICheckboxButtons-DU_W3ZDa.js              7.39 kB │ gzip:   2.29 kB
../../../../../var/folders/0h/cwx3gp09517_5fggzl70_hn00000gn/T/chromatic--25326-MeKznF1DUBQ7/assets/index.stories-DaGOUlgm.js                 7.40 kB │ gzip:   1.44 kB
../../../../../var/folders/0h/cwx3gp09517_5fggzl70_hn00000gn/T/chromatic--25326-MeKznF1DUBQ7/assets/index.stories-CTecaRto.js                 7.45 kB │ gzip:   1.52 kB
../../../../../var/folders/0h/cwx3gp09517_5fggzl70_hn00000gn/T/chromatic--25326-MeKznF1DUBQ7/assets/preview-BAz7FMXc.js                       7.62 kB │ gzip:   1.56 kB
../../../../../var/folders/0h/cwx3gp09517_5fggzl70_hn00000gn/T/chromatic--25326-MeKznF1DUBQ7/assets/index.stories-vu-YsERi.js                 7.89 kB │ gzip:   1.44 kB
../../../../../var/folders/0h/cwx3gp09517_5fggzl70_hn00000gn/T/chromatic--25326-MeKznF1DUBQ7/assets/preview-Db4Idchh.js                       8.11 kB │ gzip:   3.09 kB
../../../../../var/folders/0h/cwx3gp09517_5fggzl70_hn00000gn/T/chromatic--25326-MeKznF1DUBQ7/assets/ICheckbox-D65o7Uz3.js                     8.33 kB │ gzip:   2.40 kB
../../../../../var/folders/0h/cwx3gp09517_5fggzl70_hn00000gn/T/chromatic--25326-MeKznF1DUBQ7/assets/index.stories-XE-Vy8TC.js                 8.61 kB │ gzip:   1.45 kB
../../../../../var/folders/0h/cwx3gp09517_5fggzl70_hn00000gn/T/chromatic--25326-MeKznF1DUBQ7/assets/index.stories-BqrxPG7E.js                 8.72 kB │ gzip:   2.72 kB
../../../../../var/folders/0h/cwx3gp09517_5fggzl70_hn00000gn/T/chromatic--25326-MeKznF1DUBQ7/assets/index.stories-D_zCyTgh.js                 9.07 kB │ gzip:   1.82 kB
../../../../../var/folders/0h/cwx3gp09517_5fggzl70_hn00000gn/T/chromatic--25326-MeKznF1DUBQ7/assets/index.stories-DOPAmIQy.js                 9.26 kB │ gzip:   1.94 kB
../../../../../var/folders/0h/cwx3gp09517_5fggzl70_hn00000gn/T/chromatic--25326-MeKznF1DUBQ7/assets/index.stories-eAad705t.js                 9.28 kB │ gzip:   2.44 kB
../../../../../var/folders/0h/cwx3gp09517_5fggzl70_hn00000gn/T/chromatic--25326-MeKznF1DUBQ7/assets/index.stories-Bm1w2-SN.js                 9.77 kB │ gzip:   1.95 kB
../../../../../var/folders/0h/cwx3gp09517_5fggzl70_hn00000gn/T/chromatic--25326-MeKznF1DUBQ7/assets/entry-preview-docs-CDLn2BzQ.js            9.89 kB │ gzip:   3.73 kB
../../../../../var/folders/0h/cwx3gp09517_5fggzl70_hn00000gn/T/chromatic--25326-MeKznF1DUBQ7/assets/index.stories-MMAwDOAq.js                 9.91 kB │ gzip:   1.84 kB
../../../../../var/folders/0h/cwx3gp09517_5fggzl70_hn00000gn/T/chromatic--25326-MeKznF1DUBQ7/assets/index.stories-BkIDQ0aR.js                10.04 kB │ gzip:   2.81 kB
../../../../../var/folders/0h/cwx3gp09517_5fggzl70_hn00000gn/T/chromatic--25326-MeKznF1DUBQ7/assets/IDropdown-BSAxxs81.js                    10.21 kB │ gzip:   2.94 kB
../../../../../var/folders/0h/cwx3gp09517_5fggzl70_hn00000gn/T/chromatic--25326-MeKznF1DUBQ7/assets/index.stories-Ca9UDhfQ.js                10.71 kB │ gzip:   1.52 kB
../../../../../var/folders/0h/cwx3gp09517_5fggzl70_hn00000gn/T/chromatic--25326-MeKznF1DUBQ7/assets/IModal-DjF4nWIw.js                       10.79 kB │ gzip:   3.03 kB
../../../../../var/folders/0h/cwx3gp09517_5fggzl70_hn00000gn/T/chromatic--25326-MeKznF1DUBQ7/assets/index.stories-DhBuVrKH.js                11.01 kB │ gzip:   1.67 kB
../../../../../var/folders/0h/cwx3gp09517_5fggzl70_hn00000gn/T/chromatic--25326-MeKznF1DUBQ7/assets/IToastContainer-D2fpVZfQ.js              11.01 kB │ gzip:   3.12 kB
../../../../../var/folders/0h/cwx3gp09517_5fggzl70_hn00000gn/T/chromatic--25326-MeKznF1DUBQ7/assets/index.stories-CV7hNKgO.js                11.29 kB │ gzip:   1.95 kB
../../../../../var/folders/0h/cwx3gp09517_5fggzl70_hn00000gn/T/chromatic--25326-MeKznF1DUBQ7/assets/index.stories-C8uWy11c.js                11.77 kB │ gzip:   2.39 kB
../../../../../var/folders/0h/cwx3gp09517_5fggzl70_hn00000gn/T/chromatic--25326-MeKznF1DUBQ7/assets/index.stories-DCmuG0Jz.js                12.44 kB │ gzip:   2.12 kB
../../../../../var/folders/0h/cwx3gp09517_5fggzl70_hn00000gn/T/chromatic--25326-MeKznF1DUBQ7/assets/index.stories-BolUYWzB.js                12.98 kB │ gzip:   3.21 kB
../../../../../var/folders/0h/cwx3gp09517_5fggzl70_hn00000gn/T/chromatic--25326-MeKznF1DUBQ7/assets/index.stories-f7zTZx1n.js                13.27 kB │ gzip:   2.22 kB
../../../../../var/folders/0h/cwx3gp09517_5fggzl70_hn00000gn/T/chromatic--25326-MeKznF1DUBQ7/assets/index.stories-CTbTaVMB.js                13.35 kB │ gzip:   2.31 kB
../../../../../var/folders/0h/cwx3gp09517_5fggzl70_hn00000gn/T/chromatic--25326-MeKznF1DUBQ7/assets/index.stories-lGYO1AEP.js                13.50 kB │ gzip:   2.64 kB
../../../../../var/folders/0h/cwx3gp09517_5fggzl70_hn00000gn/T/chromatic--25326-MeKznF1DUBQ7/assets/index.stories-BgJ48kS-.js                13.58 kB │ gzip:   2.31 kB
../../../../../var/folders/0h/cwx3gp09517_5fggzl70_hn00000gn/T/chromatic--25326-MeKznF1DUBQ7/assets/index.stories-Cr05Fgij.js                13.85 kB │ gzip:   2.41 kB
../../../../../var/folders/0h/cwx3gp09517_5fggzl70_hn00000gn/T/chromatic--25326-MeKznF1DUBQ7/assets/index.stories-C_WUyNj7.js                14.01 kB │ gzip:   2.42 kB
../../../../../var/folders/0h/cwx3gp09517_5fggzl70_hn00000gn/T/chromatic--25326-MeKznF1DUBQ7/assets/index.stories-BrliwD0D.js                14.22 kB │ gzip:   3.03 kB
../../../../../var/folders/0h/cwx3gp09517_5fggzl70_hn00000gn/T/chromatic--25326-MeKznF1DUBQ7/assets/index.stories-AHZ8qbVy.js                14.73 kB │ gzip:   3.97 kB
../../../../../var/folders/0h/cwx3gp09517_5fggzl70_hn00000gn/T/chromatic--25326-MeKznF1DUBQ7/assets/IColumn-CluqFplq.js                      14.82 kB │ gzip:   1.48 kB
../../../../../var/folders/0h/cwx3gp09517_5fggzl70_hn00000gn/T/chromatic--25326-MeKznF1DUBQ7/assets/index.stories-BEscFG06.js                14.96 kB │ gzip:   2.86 kB
../../../../../var/folders/0h/cwx3gp09517_5fggzl70_hn00000gn/T/chromatic--25326-MeKznF1DUBQ7/assets/index.stories-DNuxHKeZ.js                14.97 kB │ gzip:   3.72 kB
../../../../../var/folders/0h/cwx3gp09517_5fggzl70_hn00000gn/T/chromatic--25326-MeKznF1DUBQ7/assets/_baseIteratee-CQFC_hoO.js                17.48 kB │ gzip:   7.16 kB
../../../../../var/folders/0h/cwx3gp09517_5fggzl70_hn00000gn/T/chromatic--25326-MeKznF1DUBQ7/assets/index.stories-CyT56Zko.js                18.45 kB │ gzip:   3.18 kB
../../../../../var/folders/0h/cwx3gp09517_5fggzl70_hn00000gn/T/chromatic--25326-MeKznF1DUBQ7/assets/usePopupControl-DxBksV9j.js              19.14 kB │ gzip:   7.47 kB
../../../../../var/folders/0h/cwx3gp09517_5fggzl70_hn00000gn/T/chromatic--25326-MeKznF1DUBQ7/assets/iframe-Co_3YfMZ.js                       19.20 kB │ gzip:   4.45 kB
../../../../../var/folders/0h/cwx3gp09517_5fggzl70_hn00000gn/T/chromatic--25326-MeKznF1DUBQ7/assets/index.stories-D7pQPY6F.js                19.44 kB │ gzip:   2.25 kB
../../../../../var/folders/0h/cwx3gp09517_5fggzl70_hn00000gn/T/chromatic--25326-MeKznF1DUBQ7/assets/ISelect-MMHycXr1.js                      21.64 kB │ gzip:   5.53 kB
../../../../../var/folders/0h/cwx3gp09517_5fggzl70_hn00000gn/T/chromatic--25326-MeKznF1DUBQ7/assets/IRow-BoMH43U2.js                         22.64 kB │ gzip:   1.83 kB
../../../../../var/folders/0h/cwx3gp09517_5fggzl70_hn00000gn/T/chromatic--25326-MeKznF1DUBQ7/assets/index.stories-BKHPuhB7.js                27.57 kB │ gzip:   3.01 kB
../../../../../var/folders/0h/cwx3gp09517_5fggzl70_hn00000gn/T/chromatic--25326-MeKznF1DUBQ7/assets/Color-RQJUDNI5-CFsyuJ8Z.js               30.58 kB │ gzip:  11.56 kB
../../../../../var/folders/0h/cwx3gp09517_5fggzl70_hn00000gn/T/chromatic--25326-MeKznF1DUBQ7/assets/ITab-Cx3vKf3I.js                         34.50 kB │ gzip:   7.16 kB
../../../../../var/folders/0h/cwx3gp09517_5fggzl70_hn00000gn/T/chromatic--25326-MeKznF1DUBQ7/assets/useValidation--vkLB1Mc.js                43.88 kB │ gzip:  10.68 kB
../../../../../var/folders/0h/cwx3gp09517_5fggzl70_hn00000gn/T/chromatic--25326-MeKznF1DUBQ7/assets/index-CqOudJ3p.js                       120.63 kB │ gzip:  40.24 kB
../../../../../var/folders/0h/cwx3gp09517_5fggzl70_hn00000gn/T/chromatic--25326-MeKznF1DUBQ7/assets/lodash-MOykTBbu.js                      133.51 kB │ gzip:  42.86 kB
../../../../../var/folders/0h/cwx3gp09517_5fggzl70_hn00000gn/T/chromatic--25326-MeKznF1DUBQ7/assets/preview-jljOfCaN.js                     140.52 kB │ gzip:  45.52 kB
../../../../../var/folders/0h/cwx3gp09517_5fggzl70_hn00000gn/T/chromatic--25326-MeKznF1DUBQ7/assets/vue.esm-bundler-DQJ7zkO3.js             156.01 kB │ gzip:  58.49 kB
../../../../../var/folders/0h/cwx3gp09517_5fggzl70_hn00000gn/T/chromatic--25326-MeKznF1DUBQ7/assets/index.stories-DFlIhXkJ.js               161.19 kB │ gzip:  44.17 kB
../../../../../var/folders/0h/cwx3gp09517_5fggzl70_hn00000gn/T/chromatic--25326-MeKznF1DUBQ7/assets/formatter-B5HCVTEV-GGLX16ur.js          210.57 kB │ gzip:  70.58 kB
../../../../../var/folders/0h/cwx3gp09517_5fggzl70_hn00000gn/T/chromatic--25326-MeKznF1DUBQ7/assets/axe-Byw2hdMU.js                         556.58 kB │ gzip: 152.92 kB
../../../../../var/folders/0h/cwx3gp09517_5fggzl70_hn00000gn/T/chromatic--25326-MeKznF1DUBQ7/assets/DocsRenderer-K4EAMTCU-DPX33xzW.js       616.53 kB │ gzip: 182.38 kB
✓ built in 8.03s
info => Preview built (8.27 s)
info => Output directory: /var/folders/0h/cwx3gp09517_5fggzl70_hn00000gn/T/chromatic--25326-MeKznF1DUBQ7
